[2023-10-21 12:03:51,573] INFO [Controller id=1 epoch=3] Sending UpdateMetadata request to brokers HashSet(1) for 0 partitions (state.change.logger)
[2023-10-21 12:03:51,622] INFO [Controller id=1 epoch=3] Sending LeaderAndIsr request to broker 1 with 54 become-leader and 0 become-follower partitions (state.change.logger)
[2023-10-21 12:03:51,625] INFO [Controller id=1 epoch=3] Sending UpdateMetadata request to brokers HashSet(1) for 54 partitions (state.change.logger)
[2023-10-21 12:03:51,772] INFO [Broker id=1] Handling LeaderAndIsr request correlationId 1 from controller 1 for 54 partitions (state.change.logger)
[2023-10-21 12:03:51,819] INFO [Broker id=1] Stopped fetchers as part of LeaderAndIsr request correlationId 1 from controller 1 epoch 3 as part of the become-leader transition for 54 partitions (state.change.logger)
[2023-10-21 12:03:51,836] INFO [Broker id=1] Leader __consumer_offsets-3 with topic id Some(5iPnpvHiSA23HcMscWCQ_Q) starts at leader epoch 0 from offset 0 with partition epoch 0, high watermark 0, ISR [1], adding replicas [] and removing replicas [] . Previous leader epoch was -1. (state.change.logger)
[2023-10-21 12:03:51,844] INFO [Broker id=1] Leader __consumer_offsets-18 with topic id Some(5iPnpvHiSA23HcMscWCQ_Q) starts at leader epoch 0 from offset 0 with partition epoch 0, high watermark 0, ISR [1], adding replicas [] and removing replicas [] . Previous leader epoch was -1. (state.change.logger)
[2023-10-21 12:03:51,848] INFO [Broker id=1] Leader __consumer_offsets-41 with topic id Some(5iPnpvHiSA23HcMscWCQ_Q) starts at leader epoch 0 from offset 0 with partition epoch 0, high watermark 0, ISR [1], adding replicas [] and removing replicas [] . Previous leader epoch was -1. (state.change.logger)
[2023-10-21 12:03:51,851] INFO [Broker id=1] Leader __consumer_offsets-10 with topic id Some(5iPnpvHiSA23HcMscWCQ_Q) starts at leader epoch 0 from offset 0 with partition epoch 0, high watermark 0, ISR [1], adding replicas [] and removing replicas [] . Previous leader epoch was -1. (state.change.logger)
[2023-10-21 12:03:51,854] INFO [Broker id=1] Leader practica2-0 with topic id Some(dM1-nUhFQrmvRLiJwGWp4g) starts at leader epoch 0 from offset 0 with partition epoch 0, high watermark 0, ISR [1], adding replicas [] and removing replicas [] . Previous leader epoch was -1. (state.change.logger)
[2023-10-21 12:03:51,857] INFO [Broker id=1] Leader __consumer_offsets-33 with topic id Some(5iPnpvHiSA23HcMscWCQ_Q) starts at leader epoch 0 from offset 0 with partition epoch 0, high watermark 0, ISR [1], adding replicas [] and removing replicas [] . Previous leader epoch was -1. (state.change.logger)
[2023-10-21 12:03:51,860] INFO [Broker id=1] Leader __consumer_offsets-48 with topic id Some(5iPnpvHiSA23HcMscWCQ_Q) starts at leader epoch 0 from offset 0 with partition epoch 0, high watermark 0, ISR [1], adding replicas [] and removing replicas [] . Previous leader epoch was -1. (state.change.logger)
[2023-10-21 12:03:51,866] INFO [Broker id=1] Leader __consumer_offsets-19 with topic id Some(5iPnpvHiSA23HcMscWCQ_Q) starts at leader epoch 0 from offset 0 with partition epoch 0, high watermark 0, ISR [1], adding replicas [] and removing replicas [] . Previous leader epoch was -1. (state.change.logger)
[2023-10-21 12:03:51,869] INFO [Broker id=1] Leader __consumer_offsets-34 with topic id Some(5iPnpvHiSA23HcMscWCQ_Q) starts at leader epoch 0 from offset 0 with partition epoch 0, high watermark 0, ISR [1], adding replicas [] and removing replicas [] . Previous leader epoch was -1. (state.change.logger)
[2023-10-21 12:03:51,873] INFO [Broker id=1] Leader __consumer_offsets-4 with topic id Some(5iPnpvHiSA23HcMscWCQ_Q) starts at leader epoch 0 from offset 0 with partition epoch 0, high watermark 0, ISR [1], adding replicas [] and removing replicas [] . Previous leader epoch was -1. (state.change.logger)
[2023-10-21 12:03:51,876] INFO [Broker id=1] Leader __consumer_offsets-11 with topic id Some(5iPnpvHiSA23HcMscWCQ_Q) starts at leader epoch 0 from offset 0 with partition epoch 0, high watermark 0, ISR [1], adding replicas [] and removing replicas [] . Previous leader epoch was -1. (state.change.logger)
[2023-10-21 12:03:51,880] INFO [Broker id=1] Leader __consumer_offsets-26 with topic id Some(5iPnpvHiSA23HcMscWCQ_Q) starts at leader epoch 0 from offset 3 with partition epoch 0, high watermark 3, ISR [1], adding replicas [] and removing replicas [] . Previous leader epoch was -1. (state.change.logger)
[2023-10-21 12:03:51,881] INFO [Broker id=1] Leader __consumer_offsets-49 with topic id Some(5iPnpvHiSA23HcMscWCQ_Q) starts at leader epoch 0 from offset 0 with partition epoch 0, high watermark 0, ISR [1], adding replicas [] and removing replicas [] . Previous leader epoch was -1. (state.change.logger)
[2023-10-21 12:03:51,884] INFO [Broker id=1] Leader __consumer_offsets-39 with topic id Some(5iPnpvHiSA23HcMscWCQ_Q) starts at leader epoch 0 from offset 0 with partition epoch 0, high watermark 0, ISR [1], adding replicas [] and removing replicas [] . Previous leader epoch was -1. (state.change.logger)
[2023-10-21 12:03:51,886] INFO [Broker id=1] Leader __consumer_offsets-9 with topic id Some(5iPnpvHiSA23HcMscWCQ_Q) starts at leader epoch 0 from offset 0 with partition epoch 0, high watermark 0, ISR [1], adding replicas [] and removing replicas [] . Previous leader epoch was -1. (state.change.logger)
[2023-10-21 12:03:51,889] INFO [Broker id=1] Leader __consumer_offsets-24 with topic id Some(5iPnpvHiSA23HcMscWCQ_Q) starts at leader epoch 0 from offset 0 with partition epoch 0, high watermark 0, ISR [1], adding replicas [] and removing replicas [] . Previous leader epoch was -1. (state.change.logger)
[2023-10-21 12:03:51,893] INFO [Broker id=1] Leader __consumer_offsets-31 with topic id Some(5iPnpvHiSA23HcMscWCQ_Q) starts at leader epoch 0 from offset 0 with partition epoch 0, high watermark 0, ISR [1], adding replicas [] and removing replicas [] . Previous leader epoch was -1. (state.change.logger)
[2023-10-21 12:03:51,896] INFO [Broker id=1] Leader __consumer_offsets-46 with topic id Some(5iPnpvHiSA23HcMscWCQ_Q) starts at leader epoch 0 from offset 0 with partition epoch 0, high watermark 0, ISR [1], adding replicas [] and removing replicas [] . Previous leader epoch was -1. (state.change.logger)
[2023-10-21 12:03:51,900] INFO [Broker id=1] Leader __consumer_offsets-1 with topic id Some(5iPnpvHiSA23HcMscWCQ_Q) starts at leader epoch 0 from offset 0 with partition epoch 0, high watermark 0, ISR [1], adding replicas [] and removing replicas [] . Previous leader epoch was -1. (state.change.logger)
[2023-10-21 12:03:51,902] INFO [Broker id=1] Leader __consumer_offsets-16 with topic id Some(5iPnpvHiSA23HcMscWCQ_Q) starts at leader epoch 0 from offset 0 with partition epoch 0, high watermark 0, ISR [1], adding replicas [] and removing replicas [] . Previous leader epoch was -1. (state.change.logger)
[2023-10-21 12:03:51,905] INFO [Broker id=1] Leader __consumer_offsets-2 with topic id Some(5iPnpvHiSA23HcMscWCQ_Q) starts at leader epoch 0 from offset 0 with partition epoch 0, high watermark 0, ISR [1], adding replicas [] and removing replicas [] . Previous leader epoch was -1. (state.change.logger)
[2023-10-21 12:03:51,908] INFO [Broker id=1] Leader __consumer_offsets-25 with topic id Some(5iPnpvHiSA23HcMscWCQ_Q) starts at leader epoch 0 from offset 0 with partition epoch 0, high watermark 0, ISR [1], adding replicas [] and removing replicas [] . Previous leader epoch was -1. (state.change.logger)
[2023-10-21 12:03:51,913] INFO [Broker id=1] Leader __consumer_offsets-40 with topic id Some(5iPnpvHiSA23HcMscWCQ_Q) starts at leader epoch 0 from offset 0 with partition epoch 0, high watermark 0, ISR [1], adding replicas [] and removing replicas [] . Previous leader epoch was -1. (state.change.logger)
[2023-10-21 12:03:51,916] INFO [Broker id=1] Leader __consumer_offsets-47 with topic id Some(5iPnpvHiSA23HcMscWCQ_Q) starts at leader epoch 0 from offset 0 with partition epoch 0, high watermark 0, ISR [1], adding replicas [] and removing replicas [] . Previous leader epoch was -1. (state.change.logger)
[2023-10-21 12:03:51,921] INFO [Broker id=1] Leader __consumer_offsets-17 with topic id Some(5iPnpvHiSA23HcMscWCQ_Q) starts at leader epoch 0 from offset 169 with partition epoch 0, high watermark 169, ISR [1], adding replicas [] and removing replicas [] . Previous leader epoch was -1. (state.change.logger)
[2023-10-21 12:03:51,921] INFO [Broker id=1] Leader __consumer_offsets-32 with topic id Some(5iPnpvHiSA23HcMscWCQ_Q) starts at leader epoch 0 from offset 0 with partition epoch 0, high watermark 0, ISR [1], adding replicas [] and removing replicas [] . Previous leader epoch was -1. (state.change.logger)
[2023-10-21 12:03:51,925] INFO [Broker id=1] Leader __consumer_offsets-37 with topic id Some(5iPnpvHiSA23HcMscWCQ_Q) starts at leader epoch 0 from offset 0 with partition epoch 0, high watermark 0, ISR [1], adding replicas [] and removing replicas [] . Previous leader epoch was -1. (state.change.logger)
[2023-10-21 12:03:51,929] INFO [Broker id=1] Leader __consumer_offsets-7 with topic id Some(5iPnpvHiSA23HcMscWCQ_Q) starts at leader epoch 0 from offset 0 with partition epoch 0, high watermark 0, ISR [1], adding replicas [] and removing replicas [] . Previous leader epoch was -1. (state.change.logger)
[2023-10-21 12:03:51,932] INFO [Broker id=1] Leader __consumer_offsets-22 with topic id Some(5iPnpvHiSA23HcMscWCQ_Q) starts at leader epoch 0 from offset 0 with partition epoch 0, high watermark 0, ISR [1], adding replicas [] and removing replicas [] . Previous leader epoch was -1. (state.change.logger)
[2023-10-21 12:03:51,935] INFO [Broker id=1] Leader __consumer_offsets-29 with topic id Some(5iPnpvHiSA23HcMscWCQ_Q) starts at leader epoch 0 from offset 0 with partition epoch 0, high watermark 0, ISR [1], adding replicas [] and removing replicas [] . Previous leader epoch was -1. (state.change.logger)
[2023-10-21 12:03:51,939] INFO [Broker id=1] Leader __consumer_offsets-44 with topic id Some(5iPnpvHiSA23HcMscWCQ_Q) starts at leader epoch 0 from offset 0 with partition epoch 0, high watermark 0, ISR [1], adding replicas [] and removing replicas [] . Previous leader epoch was -1. (state.change.logger)
[2023-10-21 12:03:51,942] INFO [Broker id=1] Leader __consumer_offsets-14 with topic id Some(5iPnpvHiSA23HcMscWCQ_Q) starts at leader epoch 0 from offset 0 with partition epoch 0, high watermark 0, ISR [1], adding replicas [] and removing replicas [] . Previous leader epoch was -1. (state.change.logger)
[2023-10-21 12:03:51,944] INFO [Broker id=1] Leader __consumer_offsets-23 with topic id Some(5iPnpvHiSA23HcMscWCQ_Q) starts at leader epoch 0 from offset 0 with partition epoch 0, high watermark 0, ISR [1], adding replicas [] and removing replicas [] . Previous leader epoch was -1. (state.change.logger)
[2023-10-21 12:03:51,948] INFO [Broker id=1] Leader __consumer_offsets-38 with topic id Some(5iPnpvHiSA23HcMscWCQ_Q) starts at leader epoch 0 from offset 0 with partition epoch 0, high watermark 0, ISR [1], adding replicas [] and removing replicas [] . Previous leader epoch was -1. (state.change.logger)
[2023-10-21 12:03:51,950] INFO [Broker id=1] Leader __consumer_offsets-8 with topic id Some(5iPnpvHiSA23HcMscWCQ_Q) starts at leader epoch 0 from offset 0 with partition epoch 0, high watermark 0, ISR [1], adding replicas [] and removing replicas [] . Previous leader epoch was -1. (state.change.logger)
[2023-10-21 12:03:51,952] INFO [Broker id=1] Leader __consumer_offsets-45 with topic id Some(5iPnpvHiSA23HcMscWCQ_Q) starts at leader epoch 0 from offset 0 with partition epoch 0, high watermark 0, ISR [1], adding replicas [] and removing replicas [] . Previous leader epoch was -1. (state.change.logger)
[2023-10-21 12:03:51,955] INFO [Broker id=1] Leader __consumer_offsets-15 with topic id Some(5iPnpvHiSA23HcMscWCQ_Q) starts at leader epoch 0 from offset 0 with partition epoch 0, high watermark 0, ISR [1], adding replicas [] and removing replicas [] . Previous leader epoch was -1. (state.change.logger)
[2023-10-21 12:03:51,958] INFO [Broker id=1] Leader comunicacion-0 with topic id Some(jQJLTa60SkGjSW9zTIRs-A) starts at leader epoch 0 from offset 15 with partition epoch 0, high watermark 15, ISR [1], adding replicas [] and removing replicas [] . Previous leader epoch was -1. (state.change.logger)
[2023-10-21 12:03:51,959] INFO [Broker id=1] Leader __consumer_offsets-30 with topic id Some(5iPnpvHiSA23HcMscWCQ_Q) starts at leader epoch 0 from offset 0 with partition epoch 0, high watermark 0, ISR [1], adding replicas [] and removing replicas [] . Previous leader epoch was -1. (state.change.logger)
[2023-10-21 12:03:51,962] INFO [Broker id=1] Leader __consumer_offsets-0 with topic id Some(5iPnpvHiSA23HcMscWCQ_Q) starts at leader epoch 0 from offset 0 with partition epoch 0, high watermark 0, ISR [1], adding replicas [] and removing replicas [] . Previous leader epoch was -1. (state.change.logger)
[2023-10-21 12:03:51,966] INFO [Broker id=1] Leader __consumer_offsets-35 with topic id Some(5iPnpvHiSA23HcMscWCQ_Q) starts at leader epoch 0 from offset 0 with partition epoch 0, high watermark 0, ISR [1], adding replicas [] and removing replicas [] . Previous leader epoch was -1. (state.change.logger)
[2023-10-21 12:03:51,969] INFO [Broker id=1] Leader __consumer_offsets-5 with topic id Some(5iPnpvHiSA23HcMscWCQ_Q) starts at leader epoch 0 from offset 0 with partition epoch 0, high watermark 0, ISR [1], adding replicas [] and removing replicas [] . Previous leader epoch was -1. (state.change.logger)
[2023-10-21 12:03:51,971] INFO [Broker id=1] Leader __consumer_offsets-20 with topic id Some(5iPnpvHiSA23HcMscWCQ_Q) starts at leader epoch 0 from offset 0 with partition epoch 0, high watermark 0, ISR [1], adding replicas [] and removing replicas [] . Previous leader epoch was -1. (state.change.logger)
[2023-10-21 12:03:51,974] INFO [Broker id=1] Leader __consumer_offsets-27 with topic id Some(5iPnpvHiSA23HcMscWCQ_Q) starts at leader epoch 0 from offset 0 with partition epoch 0, high watermark 0, ISR [1], adding replicas [] and removing replicas [] . Previous leader epoch was -1. (state.change.logger)
[2023-10-21 12:03:51,976] INFO [Broker id=1] Leader __consumer_offsets-42 with topic id Some(5iPnpvHiSA23HcMscWCQ_Q) starts at leader epoch 0 from offset 0 with partition epoch 0, high watermark 0, ISR [1], adding replicas [] and removing replicas [] . Previous leader epoch was -1. (state.change.logger)
[2023-10-21 12:03:51,983] INFO [Broker id=1] Leader __consumer_offsets-12 with topic id Some(5iPnpvHiSA23HcMscWCQ_Q) starts at leader epoch 0 from offset 0 with partition epoch 0, high watermark 0, ISR [1], adding replicas [] and removing replicas [] . Previous leader epoch was -1. (state.change.logger)
[2023-10-21 12:03:51,986] INFO [Broker id=1] Leader comunicacion-1 with topic id Some(jQJLTa60SkGjSW9zTIRs-A) starts at leader epoch 0 from offset 3 with partition epoch 0, high watermark 3, ISR [1], adding replicas [] and removing replicas [] . Previous leader epoch was -1. (state.change.logger)
[2023-10-21 12:03:51,986] INFO [Broker id=1] Leader __consumer_offsets-21 with topic id Some(5iPnpvHiSA23HcMscWCQ_Q) starts at leader epoch 0 from offset 0 with partition epoch 0, high watermark 0, ISR [1], adding replicas [] and removing replicas [] . Previous leader epoch was -1. (state.change.logger)
[2023-10-21 12:03:51,989] INFO [Broker id=1] Leader __consumer_offsets-36 with topic id Some(5iPnpvHiSA23HcMscWCQ_Q) starts at leader epoch 0 from offset 0 with partition epoch 0, high watermark 0, ISR [1], adding replicas [] and removing replicas [] . Previous leader epoch was -1. (state.change.logger)
[2023-10-21 12:03:51,991] INFO [Broker id=1] Leader __consumer_offsets-6 with topic id Some(5iPnpvHiSA23HcMscWCQ_Q) starts at leader epoch 0 from offset 0 with partition epoch 0, high watermark 0, ISR [1], adding replicas [] and removing replicas [] . Previous leader epoch was -1. (state.change.logger)
[2023-10-21 12:03:51,995] INFO [Broker id=1] Leader __consumer_offsets-43 with topic id Some(5iPnpvHiSA23HcMscWCQ_Q) starts at leader epoch 0 from offset 0 with partition epoch 0, high watermark 0, ISR [1], adding replicas [] and removing replicas [] . Previous leader epoch was -1. (state.change.logger)
[2023-10-21 12:03:51,999] INFO [Broker id=1] Leader __consumer_offsets-13 with topic id Some(5iPnpvHiSA23HcMscWCQ_Q) starts at leader epoch 0 from offset 0 with partition epoch 0, high watermark 0, ISR [1], adding replicas [] and removing replicas [] . Previous leader epoch was -1. (state.change.logger)
[2023-10-21 12:03:52,003] INFO [Broker id=1] Leader __consumer_offsets-28 with topic id Some(5iPnpvHiSA23HcMscWCQ_Q) starts at leader epoch 0 from offset 0 with partition epoch 0, high watermark 0, ISR [1], adding replicas [] and removing replicas [] . Previous leader epoch was -1. (state.change.logger)
[2023-10-21 12:03:52,006] INFO [Broker id=1] Leader comunicacion-2 with topic id Some(jQJLTa60SkGjSW9zTIRs-A) starts at leader epoch 0 from offset 0 with partition epoch 0, high watermark 0, ISR [1], adding replicas [] and removing replicas [] . Previous leader epoch was -1. (state.change.logger)
[2023-10-21 12:03:52,035] INFO [Broker id=1] Finished LeaderAndIsr request in 264ms correlationId 1 from controller 1 for 54 partitions (state.change.logger)
[2023-10-21 12:03:52,054] INFO [Broker id=1] Add 54 partitions and deleted 0 partitions from metadata cache in response to UpdateMetadata request sent by controller 1 epoch 3 with correlation id 2 (state.change.logger)
[2023-10-21 12:05:49,482] INFO [Controller id=1 epoch=3] Sending UpdateMetadata request to brokers HashSet() for 0 partitions (state.change.logger)
