[2023-11-10 19:00:52,818] INFO [GroupCoordinator 0]: Dynamic member with unknown member id joins group grupo_1 in Stable state. Created a new member id rdkafka-46d33cb4-e747-4431-8b6f-493ea854b4a0 and request the member to rejoin with this id. (kafka.coordinator.group.GroupCoordinator)
[2023-11-10 19:00:52,819] INFO [GroupCoordinator 0]: Dynamic member with unknown member id joins group grupo_1 in Stable state. Created a new member id rdkafka-8ad8e7d2-ddab-465d-ba50-ed237c8077a1 and request the member to rejoin with this id. (kafka.coordinator.group.GroupCoordinator)
[2023-11-10 19:00:52,819] INFO [GroupCoordinator 0]: Preparing to rebalance group grupo_1 in state PreparingRebalance with old generation 33 (__consumer_offsets-9) (reason: Adding new member rdkafka-46d33cb4-e747-4431-8b6f-493ea854b4a0 with group instance id None; client reason: not provided) (kafka.coordinator.group.GroupCoordinator)
[2023-11-10 19:01:02,069] INFO [GroupCoordinator 0]: Member rdkafka-0980dcf0-c9e7-475b-8dda-4cb467fbb3d7 in group grupo_9 has failed, removing it from the group (kafka.coordinator.group.GroupCoordinator)
[2023-11-10 19:01:02,247] INFO [GroupCoordinator 0]: Member rdkafka-8aed5ed6-92d0-40fa-8ece-9771f92da833 in group grupo_9 has failed, removing it from the group (kafka.coordinator.group.GroupCoordinator)
[2023-11-10 19:01:02,248] INFO [GroupCoordinator 0]: Stabilized group grupo_9 generation 218 (__consumer_offsets-17) with 2 members (kafka.coordinator.group.GroupCoordinator)
[2023-11-10 19:01:04,168] INFO [GroupCoordinator 0]: Member rdkafka-038cdc9b-4ce7-425d-8d19-721c043ed4eb in group grupo_3 has failed, removing it from the group (kafka.coordinator.group.GroupCoordinator)
[2023-11-10 19:01:04,168] INFO [GroupCoordinator 0]: Preparing to rebalance group grupo_3 in state PreparingRebalance with old generation 32 (__consumer_offsets-11) (reason: removing member rdkafka-038cdc9b-4ce7-425d-8d19-721c043ed4eb on heartbeat expiration) (kafka.coordinator.group.GroupCoordinator)
[2023-11-10 19:01:04,178] INFO [GroupCoordinator 0]: Member rdkafka-8a12d1d1-e55e-43a9-b8e2-4f34f93242d2 in group grupo_3 has failed, removing it from the group (kafka.coordinator.group.GroupCoordinator)
[2023-11-10 19:01:04,179] INFO [GroupCoordinator 0]: Group grupo_3 with generation 33 is now empty (__consumer_offsets-11) (kafka.coordinator.group.GroupCoordinator)
[2023-11-10 19:01:04,485] INFO [GroupCoordinator 0]: Member rdkafka-2e91dc67-9af0-4c8a-a012-e86b18eab600 in group grupo_4 has failed, removing it from the group (kafka.coordinator.group.GroupCoordinator)
[2023-11-10 19:01:04,485] INFO [GroupCoordinator 0]: Preparing to rebalance group grupo_4 in state PreparingRebalance with old generation 26 (__consumer_offsets-12) (reason: removing member rdkafka-2e91dc67-9af0-4c8a-a012-e86b18eab600 on heartbeat expiration) (kafka.coordinator.group.GroupCoordinator)
[2023-11-10 19:01:04,485] INFO [GroupCoordinator 0]: Member rdkafka-092716d0-8c21-4571-b842-30dcff70e592 in group grupo_4 has failed, removing it from the group (kafka.coordinator.group.GroupCoordinator)
[2023-11-10 19:01:04,485] INFO [GroupCoordinator 0]: Group grupo_4 with generation 27 is now empty (__consumer_offsets-12) (kafka.coordinator.group.GroupCoordinator)
[2023-11-10 19:01:04,934] INFO [GroupCoordinator 0]: Member rdkafka-1ec3e37b-4a68-45ee-a557-1e75c0801475 in group grupo_1 has failed, removing it from the group (kafka.coordinator.group.GroupCoordinator)
[2023-11-10 19:01:04,935] INFO [GroupCoordinator 0]: Member rdkafka-526cca2a-0d9e-4c67-889d-31a6a579dda5 in group grupo_1 has failed, removing it from the group (kafka.coordinator.group.GroupCoordinator)
[2023-11-10 19:01:04,935] INFO [GroupCoordinator 0]: Stabilized group grupo_1 generation 34 (__consumer_offsets-9) with 2 members (kafka.coordinator.group.GroupCoordinator)
[2023-11-10 19:01:04,937] INFO [GroupCoordinator 0]: Assignment received from leader rdkafka-8ad8e7d2-ddab-465d-ba50-ed237c8077a1 for group grupo_1 for generation 34. The group has 2 members, 0 of which are static. (kafka.coordinator.group.GroupCoordinator)
[2023-11-10 19:01:05,656] INFO [GroupCoordinator 0]: Member rdkafka-1dfb4da2-eec3-4205-a2c3-5c1bb9c2d466 in group grupo_6 has failed, removing it from the group (kafka.coordinator.group.GroupCoordinator)
[2023-11-10 19:01:05,656] INFO [GroupCoordinator 0]: Preparing to rebalance group grupo_6 in state PreparingRebalance with old generation 22 (__consumer_offsets-14) (reason: removing member rdkafka-1dfb4da2-eec3-4205-a2c3-5c1bb9c2d466 on heartbeat expiration) (kafka.coordinator.group.GroupCoordinator)
[2023-11-10 19:01:05,659] INFO [GroupCoordinator 0]: Member rdkafka-42a27882-f1b6-4ee7-aeb8-a5a7456d8fd3 in group grupo_6 has failed, removing it from the group (kafka.coordinator.group.GroupCoordinator)
[2023-11-10 19:01:05,659] INFO [GroupCoordinator 0]: Group grupo_6 with generation 23 is now empty (__consumer_offsets-14) (kafka.coordinator.group.GroupCoordinator)
[2023-11-10 19:01:05,830] INFO [GroupCoordinator 0]: Member rdkafka-f982d9a5-4436-4b24-8e96-d7ced61a3c00 in group grupo_2 has failed, removing it from the group (kafka.coordinator.group.GroupCoordinator)
[2023-11-10 19:01:05,830] INFO [GroupCoordinator 0]: Preparing to rebalance group grupo_2 in state PreparingRebalance with old generation 29 (__consumer_offsets-10) (reason: removing member rdkafka-f982d9a5-4436-4b24-8e96-d7ced61a3c00 on heartbeat expiration) (kafka.coordinator.group.GroupCoordinator)
[2023-11-10 19:01:05,830] INFO [GroupCoordinator 0]: Member rdkafka-bd9549e1-9191-4b81-82e2-21031a664acd in group grupo_2 has failed, removing it from the group (kafka.coordinator.group.GroupCoordinator)
[2023-11-10 19:01:05,830] INFO [GroupCoordinator 0]: Group grupo_2 with generation 30 is now empty (__consumer_offsets-10) (kafka.coordinator.group.GroupCoordinator)
[2023-11-10 19:01:07,203] INFO [GroupCoordinator 0]: Member rdkafka-2c03bc6d-9ee3-451f-a783-8ead4bdb07af in group grupo_5 has failed, removing it from the group (kafka.coordinator.group.GroupCoordinator)
[2023-11-10 19:01:07,203] INFO [GroupCoordinator 0]: Preparing to rebalance group grupo_5 in state PreparingRebalance with old generation 33 (__consumer_offsets-13) (reason: removing member rdkafka-2c03bc6d-9ee3-451f-a783-8ead4bdb07af on heartbeat expiration) (kafka.coordinator.group.GroupCoordinator)
[2023-11-10 19:01:07,205] INFO [GroupCoordinator 0]: Member rdkafka-7d5b2e2e-2693-4916-9f74-93169db724cd in group grupo_5 has failed, removing it from the group (kafka.coordinator.group.GroupCoordinator)
[2023-11-10 19:01:07,205] INFO [GroupCoordinator 0]: Group grupo_5 with generation 34 is now empty (__consumer_offsets-13) (kafka.coordinator.group.GroupCoordinator)
[2023-11-10 19:01:08,487] INFO [GroupCoordinator 0]: Member rdkafka-3035029b-8959-462c-9eeb-8089f43fc82b in group grupo_7 has failed, removing it from the group (kafka.coordinator.group.GroupCoordinator)
[2023-11-10 19:01:08,487] INFO [GroupCoordinator 0]: Preparing to rebalance group grupo_7 in state PreparingRebalance with old generation 28 (__consumer_offsets-15) (reason: removing member rdkafka-3035029b-8959-462c-9eeb-8089f43fc82b on heartbeat expiration) (kafka.coordinator.group.GroupCoordinator)
[2023-11-10 19:01:08,488] INFO [GroupCoordinator 0]: Member rdkafka-e9b2c0ef-ab2c-449a-9911-cc363321e782 in group grupo_7 has failed, removing it from the group (kafka.coordinator.group.GroupCoordinator)
[2023-11-10 19:01:08,488] INFO [GroupCoordinator 0]: Group grupo_7 with generation 29 is now empty (__consumer_offsets-15) (kafka.coordinator.group.GroupCoordinator)
[2023-11-10 19:01:09,411] INFO [GroupCoordinator 0]: Member rdkafka-5267234a-1a4b-40c3-832c-7362efaaccb4 in group grupo_8 has failed, removing it from the group (kafka.coordinator.group.GroupCoordinator)
[2023-11-10 19:01:09,411] INFO [GroupCoordinator 0]: Preparing to rebalance group grupo_8 in state PreparingRebalance with old generation 29 (__consumer_offsets-16) (reason: removing member rdkafka-5267234a-1a4b-40c3-832c-7362efaaccb4 on heartbeat expiration) (kafka.coordinator.group.GroupCoordinator)
[2023-11-10 19:01:09,412] INFO [GroupCoordinator 0]: Member rdkafka-45936ab1-e520-448b-98e3-e2a4859587f6 in group grupo_8 has failed, removing it from the group (kafka.coordinator.group.GroupCoordinator)
[2023-11-10 19:01:09,412] INFO [GroupCoordinator 0]: Group grupo_8 with generation 30 is now empty (__consumer_offsets-16) (kafka.coordinator.group.GroupCoordinator)
[2023-11-10 19:01:09,966] INFO [GroupCoordinator 0]: Member rdkafka-6acb95f0-da39-4055-aacb-e2f6c8537bb4 in group grupo_10 has failed, removing it from the group (kafka.coordinator.group.GroupCoordinator)
[2023-11-10 19:01:09,966] INFO [GroupCoordinator 0]: Preparing to rebalance group grupo_10 in state PreparingRebalance with old generation 31 (__consumer_offsets-35) (reason: removing member rdkafka-6acb95f0-da39-4055-aacb-e2f6c8537bb4 on heartbeat expiration) (kafka.coordinator.group.GroupCoordinator)
[2023-11-10 19:01:09,968] INFO [GroupCoordinator 0]: Member rdkafka-dac8c2e3-83fc-4dbb-aacb-86a0490f10d3 in group grupo_10 has failed, removing it from the group (kafka.coordinator.group.GroupCoordinator)
[2023-11-10 19:01:09,969] INFO [GroupCoordinator 0]: Group grupo_10 with generation 32 is now empty (__consumer_offsets-35) (kafka.coordinator.group.GroupCoordinator)
[2023-11-10 19:01:10,509] INFO [GroupCoordinator 0]: Member rdkafka-8a0489f0-1562-41f1-a6c3-4e28d6aba9f8 in group grupo_11 has failed, removing it from the group (kafka.coordinator.group.GroupCoordinator)
[2023-11-10 19:01:10,509] INFO [GroupCoordinator 0]: Preparing to rebalance group grupo_11 in state PreparingRebalance with old generation 19 (__consumer_offsets-36) (reason: removing member rdkafka-8a0489f0-1562-41f1-a6c3-4e28d6aba9f8 on heartbeat expiration) (kafka.coordinator.group.GroupCoordinator)
[2023-11-10 19:01:10,509] INFO [GroupCoordinator 0]: Member rdkafka-3e171921-e5e6-473a-9e59-c92cbadf7873 in group grupo_11 has failed, removing it from the group (kafka.coordinator.group.GroupCoordinator)
[2023-11-10 19:01:10,510] INFO [GroupCoordinator 0]: Group grupo_11 with generation 20 is now empty (__consumer_offsets-36) (kafka.coordinator.group.GroupCoordinator)
[2023-11-10 19:01:10,621] INFO [GroupCoordinator 0]: Member rdkafka-0a94c5aa-e1e2-49de-829c-b9f81d04f12b in group grupo_13 has failed, removing it from the group (kafka.coordinator.group.GroupCoordinator)
[2023-11-10 19:01:10,621] INFO [GroupCoordinator 0]: Preparing to rebalance group grupo_13 in state PreparingRebalance with old generation 29 (__consumer_offsets-38) (reason: removing member rdkafka-0a94c5aa-e1e2-49de-829c-b9f81d04f12b on heartbeat expiration) (kafka.coordinator.group.GroupCoordinator)
[2023-11-10 19:01:10,622] INFO [GroupCoordinator 0]: Member rdkafka-01f0c2b0-ace9-4bb4-a200-1476386ae3bd in group grupo_13 has failed, removing it from the group (kafka.coordinator.group.GroupCoordinator)
[2023-11-10 19:01:10,622] INFO [GroupCoordinator 0]: Group grupo_13 with generation 30 is now empty (__consumer_offsets-38) (kafka.coordinator.group.GroupCoordinator)
[2023-11-10 19:01:10,936] INFO [GroupCoordinator 0]: Member rdkafka-8075673b-b433-46c1-9a15-7cb7fae9ac7e in group grupo_12 has failed, removing it from the group (kafka.coordinator.group.GroupCoordinator)
[2023-11-10 19:01:10,936] INFO [GroupCoordinator 0]: Preparing to rebalance group grupo_12 in state PreparingRebalance with old generation 17 (__consumer_offsets-37) (reason: removing member rdkafka-8075673b-b433-46c1-9a15-7cb7fae9ac7e on heartbeat expiration) (kafka.coordinator.group.GroupCoordinator)
[2023-11-10 19:01:10,937] INFO [GroupCoordinator 0]: Member rdkafka-a6c4e997-44e3-4740-8c83-d4da382693f9 in group grupo_12 has failed, removing it from the group (kafka.coordinator.group.GroupCoordinator)
[2023-11-10 19:01:10,937] INFO [GroupCoordinator 0]: Group grupo_12 with generation 18 is now empty (__consumer_offsets-37) (kafka.coordinator.group.GroupCoordinator)
[2023-11-10 19:01:13,062] INFO [GroupCoordinator 0]: Member rdkafka-1bdbee14-447f-401a-9554-c437362b711a in group grupo_14 has failed, removing it from the group (kafka.coordinator.group.GroupCoordinator)
[2023-11-10 19:01:13,062] INFO [GroupCoordinator 0]: Preparing to rebalance group grupo_14 in state PreparingRebalance with old generation 16 (__consumer_offsets-39) (reason: removing member rdkafka-1bdbee14-447f-401a-9554-c437362b711a on heartbeat expiration) (kafka.coordinator.group.GroupCoordinator)
[2023-11-10 19:01:13,062] INFO [GroupCoordinator 0]: Member rdkafka-85b8f72e-bf36-46a7-a352-ecb66d694dc5 in group grupo_14 has failed, removing it from the group (kafka.coordinator.group.GroupCoordinator)
[2023-11-10 19:01:13,062] INFO [GroupCoordinator 0]: Group grupo_14 with generation 17 is now empty (__consumer_offsets-39) (kafka.coordinator.group.GroupCoordinator)
[2023-11-10 19:01:14,111] INFO [GroupCoordinator 0]: Member rdkafka-6f4758db-1cee-4a5b-89eb-b140f0846824 in group grupo_15 has failed, removing it from the group (kafka.coordinator.group.GroupCoordinator)
[2023-11-10 19:01:14,112] INFO [GroupCoordinator 0]: Preparing to rebalance group grupo_15 in state PreparingRebalance with old generation 13 (__consumer_offsets-40) (reason: removing member rdkafka-6f4758db-1cee-4a5b-89eb-b140f0846824 on heartbeat expiration) (kafka.coordinator.group.GroupCoordinator)
[2023-11-10 19:01:14,112] INFO [GroupCoordinator 0]: Member rdkafka-b3d73bc5-df8c-41b7-86f8-244afdd2492b in group grupo_15 has failed, removing it from the group (kafka.coordinator.group.GroupCoordinator)
[2023-11-10 19:01:14,112] INFO [GroupCoordinator 0]: Group grupo_15 with generation 14 is now empty (__consumer_offsets-40) (kafka.coordinator.group.GroupCoordinator)
[2023-11-10 19:01:47,248] INFO [GroupCoordinator 0]: Member rdkafka-028eed12-9ca0-4543-bf5e-82509bb8fe19 in group grupo_9 has failed, removing it from the group (kafka.coordinator.group.GroupCoordinator)
[2023-11-10 19:01:47,248] INFO [GroupCoordinator 0]: Preparing to rebalance group grupo_9 in state PreparingRebalance with old generation 218 (__consumer_offsets-17) (reason: removing member rdkafka-028eed12-9ca0-4543-bf5e-82509bb8fe19 on heartbeat expiration) (kafka.coordinator.group.GroupCoordinator)
[2023-11-10 19:01:47,248] INFO [GroupCoordinator 0]: Member rdkafka-1f979ce1-f16b-4c71-a1e8-8f091d2d20d5 in group grupo_9 has failed, removing it from the group (kafka.coordinator.group.GroupCoordinator)
[2023-11-10 19:01:47,248] INFO [GroupCoordinator 0]: Group grupo_9 with generation 219 is now empty (__consumer_offsets-17) (kafka.coordinator.group.GroupCoordinator)
[2023-11-10 19:01:52,938] INFO [GroupCoordinator 0]: Member rdkafka-46d33cb4-e747-4431-8b6f-493ea854b4a0 in group grupo_1 has failed, removing it from the group (kafka.coordinator.group.GroupCoordinator)
[2023-11-10 19:01:52,938] INFO [GroupCoordinator 0]: Preparing to rebalance group grupo_1 in state PreparingRebalance with old generation 34 (__consumer_offsets-9) (reason: removing member rdkafka-46d33cb4-e747-4431-8b6f-493ea854b4a0 on heartbeat expiration) (kafka.coordinator.group.GroupCoordinator)
[2023-11-10 19:01:52,938] INFO [GroupCoordinator 0]: Member rdkafka-8ad8e7d2-ddab-465d-ba50-ed237c8077a1 in group grupo_1 has failed, removing it from the group (kafka.coordinator.group.GroupCoordinator)
[2023-11-10 19:01:52,938] INFO [GroupCoordinator 0]: Group grupo_1 with generation 35 is now empty (__consumer_offsets-9) (kafka.coordinator.group.GroupCoordinator)
[2023-11-10 19:01:59,198] INFO [GroupCoordinator 0]: Dynamic member with unknown member id joins group grupo_1 in Empty state. Created a new member id rdkafka-82fde59d-332b-476a-9794-5fe958011cdd and request the member to rejoin with this id. (kafka.coordinator.group.GroupCoordinator)
[2023-11-10 19:01:59,198] INFO [GroupCoordinator 0]: Dynamic member with unknown member id joins group grupo_1 in Empty state. Created a new member id rdkafka-b5a7676a-e212-4e90-b455-e68d1bca03b1 and request the member to rejoin with this id. (kafka.coordinator.group.GroupCoordinator)
[2023-11-10 19:01:59,198] INFO [GroupCoordinator 0]: Preparing to rebalance group grupo_1 in state PreparingRebalance with old generation 35 (__consumer_offsets-9) (reason: Adding new member rdkafka-82fde59d-332b-476a-9794-5fe958011cdd with group instance id None; client reason: not provided) (kafka.coordinator.group.GroupCoordinator)
[2023-11-10 19:01:59,198] INFO [GroupCoordinator 0]: Stabilized group grupo_1 generation 36 (__consumer_offsets-9) with 2 members (kafka.coordinator.group.GroupCoordinator)
[2023-11-10 19:01:59,199] INFO [GroupCoordinator 0]: Assignment received from leader rdkafka-82fde59d-332b-476a-9794-5fe958011cdd for group grupo_1 for generation 36. The group has 2 members, 0 of which are static. (kafka.coordinator.group.GroupCoordinator)
[2023-11-10 19:03:47,260] INFO [GroupMetadataManager brokerId=0] Group grupo_8 transitioned to Dead in generation 30 (kafka.coordinator.group.GroupMetadataManager)
[2023-11-10 19:03:47,260] INFO [GroupMetadataManager brokerId=0] Group grupo_7 transitioned to Dead in generation 29 (kafka.coordinator.group.GroupMetadataManager)
[2023-11-10 19:03:47,260] INFO [GroupMetadataManager brokerId=0] Group grupo_6 transitioned to Dead in generation 23 (kafka.coordinator.group.GroupMetadataManager)
[2023-11-10 19:03:47,260] INFO [GroupMetadataManager brokerId=0] Group grupo_5 transitioned to Dead in generation 34 (kafka.coordinator.group.GroupMetadataManager)
[2023-11-10 19:03:47,261] INFO [GroupMetadataManager brokerId=0] Group grupo_4 transitioned to Dead in generation 27 (kafka.coordinator.group.GroupMetadataManager)
[2023-11-10 19:03:47,261] INFO [GroupMetadataManager brokerId=0] Group grupo_10 transitioned to Dead in generation 32 (kafka.coordinator.group.GroupMetadataManager)
[2023-11-10 19:03:47,261] INFO [GroupMetadataManager brokerId=0] Group grupo_3 transitioned to Dead in generation 33 (kafka.coordinator.group.GroupMetadataManager)
[2023-11-10 19:03:47,261] INFO [GroupMetadataManager brokerId=0] Group grupo_11 transitioned to Dead in generation 20 (kafka.coordinator.group.GroupMetadataManager)
[2023-11-10 19:03:47,261] INFO [GroupMetadataManager brokerId=0] Group grupo_2 transitioned to Dead in generation 30 (kafka.coordinator.group.GroupMetadataManager)
[2023-11-10 19:03:47,261] INFO [GroupMetadataManager brokerId=0] Group grupo_12 transitioned to Dead in generation 18 (kafka.coordinator.group.GroupMetadataManager)
[2023-11-10 19:03:47,261] INFO [GroupMetadataManager brokerId=0] Group grupo_13 transitioned to Dead in generation 30 (kafka.coordinator.group.GroupMetadataManager)
[2023-11-10 19:03:47,261] INFO [GroupMetadataManager brokerId=0] Group grupo_14 transitioned to Dead in generation 17 (kafka.coordinator.group.GroupMetadataManager)
[2023-11-10 19:03:47,261] INFO [GroupMetadataManager brokerId=0] Group grupo_15 transitioned to Dead in generation 14 (kafka.coordinator.group.GroupMetadataManager)
[2023-11-10 19:04:11,203] INFO [GroupCoordinator 0]: Member rdkafka-82fde59d-332b-476a-9794-5fe958011cdd in group grupo_1 has failed, removing it from the group (kafka.coordinator.group.GroupCoordinator)
[2023-11-10 19:04:11,203] INFO [GroupCoordinator 0]: Preparing to rebalance group grupo_1 in state PreparingRebalance with old generation 36 (__consumer_offsets-9) (reason: removing member rdkafka-82fde59d-332b-476a-9794-5fe958011cdd on heartbeat expiration) (kafka.coordinator.group.GroupCoordinator)
[2023-11-10 19:04:11,204] INFO [GroupCoordinator 0]: Member rdkafka-b5a7676a-e212-4e90-b455-e68d1bca03b1 in group grupo_1 has failed, removing it from the group (kafka.coordinator.group.GroupCoordinator)
[2023-11-10 19:04:11,204] INFO [GroupCoordinator 0]: Group grupo_1 with generation 37 is now empty (__consumer_offsets-9) (kafka.coordinator.group.GroupCoordinator)
