[2023-11-10T17:43:23.670+0100][gc,heap] Heap region size: 1M
[2023-11-10T17:43:23.678+0100][gc     ] Using G1
[2023-11-10T17:43:23.678+0100][gc,heap,coops] Heap address: 0x00000000e0000000, size: 512 MB, Compressed Oops mode: 32-bit
[2023-11-10T17:43:23.679+0100][gc,cds       ] Mark closed archive regions in map: [0x00000000fff00000, 0x00000000fff6bff8]
[2023-11-10T17:43:23.679+0100][gc,cds       ] Mark open archive regions in map: [0x00000000ffe00000, 0x00000000ffe47ff8]
[2023-11-10T17:43:24.445+0100][gc,start     ] GC(0) Pause Young (Normal) (G1 Evacuation Pause)
[2023-11-10T17:43:24.446+0100][gc,task      ] GC(0) Using 12 workers of 13 for evacuation
[2023-11-10T17:43:24.456+0100][gc,phases    ] GC(0)   Pre Evacuate Collection Set: 0,0ms
[2023-11-10T17:43:24.456+0100][gc,phases    ] GC(0)   Evacuate Collection Set: 8,6ms
[2023-11-10T17:43:24.456+0100][gc,phases    ] GC(0)   Post Evacuate Collection Set: 0,7ms
[2023-11-10T17:43:24.456+0100][gc,phases    ] GC(0)   Other: 1,7ms
[2023-11-10T17:43:24.456+0100][gc,heap      ] GC(0) Eden regions: 25->0(21)
[2023-11-10T17:43:24.456+0100][gc,heap      ] GC(0) Survivor regions: 0->4(4)
[2023-11-10T17:43:24.456+0100][gc,heap      ] GC(0) Old regions: 2->5
[2023-11-10T17:43:24.456+0100][gc,heap      ] GC(0) Humongous regions: 0->0
[2023-11-10T17:43:24.456+0100][gc,metaspace ] GC(0) Metaspace: 7397K(7936K)->7397K(7936K) NonClass: 6574K(6912K)->6574K(6912K) Class: 822K(1024K)->822K(1024K)
[2023-11-10T17:43:24.456+0100][gc           ] GC(0) Pause Young (Normal) (G1 Evacuation Pause) 25M->7M(512M) 11,131ms
[2023-11-10T17:43:24.456+0100][gc,cpu       ] GC(0) User=0,08s Sys=0,02s Real=0,01s
[2023-11-10T17:44:33.672+0100][gc,start     ] GC(1) Pause Young (Normal) (G1 Evacuation Pause)
[2023-11-10T17:44:33.672+0100][gc,task      ] GC(1) Using 12 workers of 13 for evacuation
[2023-11-10T17:44:33.678+0100][gc,phases    ] GC(1)   Pre Evacuate Collection Set: 0,0ms
[2023-11-10T17:44:33.678+0100][gc,phases    ] GC(1)   Evacuate Collection Set: 5,2ms
[2023-11-10T17:44:33.678+0100][gc,phases    ] GC(1)   Post Evacuate Collection Set: 0,6ms
[2023-11-10T17:44:33.678+0100][gc,phases    ] GC(1)   Other: 0,3ms
[2023-11-10T17:44:33.678+0100][gc,heap      ] GC(1) Eden regions: 21->0(23)
[2023-11-10T17:44:33.678+0100][gc,heap      ] GC(1) Survivor regions: 4->2(4)
[2023-11-10T17:44:33.678+0100][gc,heap      ] GC(1) Old regions: 5->9
[2023-11-10T17:44:33.678+0100][gc,heap      ] GC(1) Humongous regions: 0->0
[2023-11-10T17:44:33.678+0100][gc,metaspace ] GC(1) Metaspace: 9542K(10240K)->9542K(10240K) NonClass: 8561K(8960K)->8561K(8960K) Class: 980K(1280K)->980K(1280K)
[2023-11-10T17:44:33.678+0100][gc           ] GC(1) Pause Young (Normal) (G1 Evacuation Pause) 28M->8M(512M) 6,318ms
[2023-11-10T17:44:33.678+0100][gc,cpu       ] GC(1) User=0,05s Sys=0,00s Real=0,00s
[2023-11-10T17:52:22.891+0100][gc,start     ] GC(2) Pause Young (Normal) (G1 Evacuation Pause)
[2023-11-10T17:52:22.891+0100][gc,task      ] GC(2) Using 12 workers of 13 for evacuation
[2023-11-10T17:52:22.893+0100][gc,phases    ] GC(2)   Pre Evacuate Collection Set: 0,0ms
[2023-11-10T17:52:22.894+0100][gc,phases    ] GC(2)   Evacuate Collection Set: 1,7ms
[2023-11-10T17:52:22.894+0100][gc,phases    ] GC(2)   Post Evacuate Collection Set: 0,4ms
[2023-11-10T17:52:22.894+0100][gc,phases    ] GC(2)   Other: 0,2ms
[2023-11-10T17:52:22.894+0100][gc,heap      ] GC(2) Eden regions: 23->0(23)
[2023-11-10T17:52:22.894+0100][gc,heap      ] GC(2) Survivor regions: 2->2(4)
[2023-11-10T17:52:22.894+0100][gc,heap      ] GC(2) Old regions: 9->9
[2023-11-10T17:52:22.894+0100][gc,heap      ] GC(2) Humongous regions: 0->0
[2023-11-10T17:52:22.894+0100][gc,metaspace ] GC(2) Metaspace: 9591K(10240K)->9591K(10240K) NonClass: 8610K(8960K)->8610K(8960K) Class: 981K(1280K)->981K(1280K)
[2023-11-10T17:52:22.894+0100][gc           ] GC(2) Pause Young (Normal) (G1 Evacuation Pause) 31M->9M(512M) 2,548ms
[2023-11-10T17:52:22.894+0100][gc,cpu       ] GC(2) User=0,02s Sys=0,00s Real=0,00s
[2023-11-10T17:53:43.237+0100][gc,start     ] GC(3) Pause Young (Normal) (G1 Evacuation Pause)
[2023-11-10T17:53:43.237+0100][gc,task      ] GC(3) Using 12 workers of 13 for evacuation
[2023-11-10T17:53:43.241+0100][gc,phases    ] GC(3)   Pre Evacuate Collection Set: 0,0ms
[2023-11-10T17:53:43.241+0100][gc,phases    ] GC(3)   Evacuate Collection Set: 2,3ms
[2023-11-10T17:53:43.241+0100][gc,phases    ] GC(3)   Post Evacuate Collection Set: 1,9ms
[2023-11-10T17:53:43.241+0100][gc,phases    ] GC(3)   Other: 0,4ms
[2023-11-10T17:53:43.241+0100][gc,heap      ] GC(3) Eden regions: 23->0(23)
[2023-11-10T17:53:43.241+0100][gc,heap      ] GC(3) Survivor regions: 2->2(4)
[2023-11-10T17:53:43.242+0100][gc,heap      ] GC(3) Old regions: 9->9
[2023-11-10T17:53:43.242+0100][gc,heap      ] GC(3) Humongous regions: 0->0
[2023-11-10T17:53:43.242+0100][gc,metaspace ] GC(3) Metaspace: 9603K(10240K)->9603K(10240K) NonClass: 8621K(8960K)->8621K(8960K) Class: 981K(1280K)->981K(1280K)
[2023-11-10T17:53:43.242+0100][gc           ] GC(3) Pause Young (Normal) (G1 Evacuation Pause) 32M->9M(512M) 4,869ms
[2023-11-10T17:53:43.242+0100][gc,cpu       ] GC(3) User=0,03s Sys=0,00s Real=0,01s
[2023-11-10T18:20:40.917+0100][gc,start     ] GC(4) Pause Young (Normal) (G1 Evacuation Pause)
[2023-11-10T18:20:40.917+0100][gc,task      ] GC(4) Using 12 workers of 13 for evacuation
[2023-11-10T18:20:40.921+0100][gc,phases    ] GC(4)   Pre Evacuate Collection Set: 0,0ms
[2023-11-10T18:20:40.921+0100][gc,phases    ] GC(4)   Evacuate Collection Set: 2,0ms
[2023-11-10T18:20:40.921+0100][gc,phases    ] GC(4)   Post Evacuate Collection Set: 1,4ms
[2023-11-10T18:20:40.921+0100][gc,phases    ] GC(4)   Other: 0,2ms
[2023-11-10T18:20:40.921+0100][gc,heap      ] GC(4) Eden regions: 23->0(23)
[2023-11-10T18:20:40.921+0100][gc,heap      ] GC(4) Survivor regions: 2->2(4)
[2023-11-10T18:20:40.921+0100][gc,heap      ] GC(4) Old regions: 9->9
[2023-11-10T18:20:40.921+0100][gc,heap      ] GC(4) Humongous regions: 0->0
[2023-11-10T18:20:40.921+0100][gc,metaspace ] GC(4) Metaspace: 9609K(10240K)->9609K(10240K) NonClass: 8628K(8960K)->8628K(8960K) Class: 981K(1280K)->981K(1280K)
[2023-11-10T18:20:40.921+0100][gc           ] GC(4) Pause Young (Normal) (G1 Evacuation Pause) 32M->9M(512M) 3,794ms
[2023-11-10T18:20:40.921+0100][gc,cpu       ] GC(4) User=0,02s Sys=0,00s Real=0,01s
